2025-08-17 13:28:11 - src.core.controller - INFO - Knitting controller initialized
2025-08-17 13:28:11 - src.ui.main_window - INFO - Main window initialized
2025-08-17 13:28:11 - src.ui.main_window - INFO - Started Sentro Knitting Machine Controller v2.0.0
2025-08-17 13:29:14 - src.core.controller - INFO - Knitting controller initialized
2025-08-17 13:29:14 - src.ui.main_window - INFO - Main window initialized
2025-08-17 13:29:14 - src.ui.main_window - INFO - Started Sentro Knitting Machine Controller v2.0.0
2025-08-17 13:29:15 - src.hardware.serial_manager - WARNING - Emergency stop executed
2025-08-17 13:29:15 - src.core.controller - INFO - Pattern execution stopped
2025-08-17 13:29:15 - src.hardware.serial_manager - WARNING - Emergency stop executed
2025-08-17 13:29:15 - src.core.controller - INFO - Pattern execution stopped
2025-08-17 13:29:15 - src.core.controller - INFO - Disconnected from machine
2025-08-17 13:29:15 - src.core.controller - INFO - Controller cleanup completed
2025-08-17 13:29:25 - src.hardware.serial_manager - WARNING - Emergency stop executed
2025-08-17 13:29:25 - src.core.controller - INFO - Pattern execution stopped
2025-08-17 13:29:25 - src.hardware.serial_manager - WARNING - Emergency stop executed
2025-08-17 13:29:25 - src.core.controller - INFO - Pattern execution stopped
2025-08-17 13:29:25 - src.core.controller - INFO - Disconnected from machine
2025-08-17 13:29:25 - src.core.controller - INFO - Controller cleanup completed
2025-08-17 13:30:09 - src.core.controller - INFO - Knitting controller initialized
2025-08-17 13:30:09 - src.ui.main_window - INFO - Main window initialized
2025-08-17 13:30:09 - src.ui.main_window - INFO - Started Sentro Knitting Machine Controller v2.0.0
2025-08-17 13:31:24 - src.hardware.serial_manager - WARNING - Emergency stop executed
2025-08-17 13:31:24 - src.core.controller - INFO - Pattern execution stopped
2025-08-17 13:31:24 - src.hardware.serial_manager - WARNING - Emergency stop executed
2025-08-17 13:31:24 - src.core.controller - INFO - Pattern execution stopped
2025-08-17 13:31:24 - src.core.controller - INFO - Disconnected from machine
2025-08-17 13:31:24 - src.core.controller - INFO - Controller cleanup completed
2025-08-17 13:37:42 - src.ui.main_window - ERROR - Application error: 'SerialManager' object has no attribute 'response_received'
2025-08-17 13:37:49 - src.ui.main_window - ERROR - Application error: 'SerialManager' object has no attribute 'response_received'
2025-08-17 13:38:31 - src.ui.main_window - ERROR - Application error: 'SerialManager' object has no attribute 'response_received'
2025-08-17 13:55:52 - src.core.controller - INFO - Knitting controller initialized
2025-08-17 13:55:52 - src.ui.main_window - ERROR - Application error: 'MainWindow' object has no attribute 'console_output'
2025-08-17 13:56:34 - src.core.controller - INFO - Knitting controller initialized
2025-08-17 13:56:34 - src.ui.main_window - ERROR - Application error: 'MainWindow' object has no attribute 'console_output'
2025-08-17 13:57:12 - src.core.controller - INFO - Knitting controller initialized
2025-08-17 13:57:12 - src.ui.main_window - INFO - No COM ports found
2025-08-17 13:57:12 - src.ui.main_window - INFO - === Knitting Machine Controller Ready ===
2025-08-17 13:57:12 - src.ui.main_window - INFO - Connect to Arduino to begin
2025-08-17 13:57:12 - src.ui.main_window - INFO - Main window with console initialized
2025-08-17 13:57:12 - src.ui.main_window - INFO - Started Sentro Knitting Machine Controller v2.0.0
2025-08-17 13:58:43 - src.core.controller - INFO - Knitting controller initialized
2025-08-17 13:58:43 - src.ui.main_window - INFO - No COM ports found
2025-08-17 13:58:44 - src.ui.main_window - INFO - === Knitting Machine Controller Ready ===
2025-08-17 13:58:44 - src.ui.main_window - INFO - Connect to Arduino to begin
2025-08-17 13:58:44 - src.ui.main_window - INFO - Main window with console initialized
2025-08-17 13:58:44 - src.ui.main_window - INFO - Started Sentro Knitting Machine Controller v2.0.0
2025-08-17 13:58:51 - src.ui.main_window - INFO - 🎨 Theme changed to: Dark
2025-08-17 13:58:55 - src.ui.main_window - INFO - 🎨 Theme changed to: Pink/Rose
2025-08-17 13:59:08 - src.ui.main_window - INFO - Application closing...
2025-08-17 13:59:08 - src.hardware.serial_manager - WARNING - Emergency stop executed
2025-08-17 13:59:08 - src.core.controller - INFO - Pattern execution stopped
2025-08-17 13:59:08 - src.hardware.serial_manager - WARNING - Emergency stop executed
2025-08-17 13:59:08 - src.core.controller - INFO - Pattern execution stopped
2025-08-17 13:59:08 - src.core.controller - INFO - Disconnected from machine
2025-08-17 13:59:08 - src.core.controller - INFO - Controller cleanup completed
2025-08-17 13:59:11 - src.core.controller - INFO - Knitting controller initialized
2025-08-17 13:59:11 - src.ui.main_window - INFO - No COM ports found
2025-08-17 13:59:12 - src.ui.main_window - INFO - === Knitting Machine Controller Ready ===
2025-08-17 13:59:12 - src.ui.main_window - INFO - Connect to Arduino to begin
2025-08-17 13:59:12 - src.ui.main_window - INFO - Main window with console initialized
2025-08-17 13:59:12 - src.ui.main_window - INFO - Started Sentro Knitting Machine Controller v2.0.0
2025-08-17 13:59:16 - src.ui.main_window - INFO - 🎨 Theme changed to: Light/Grey
2025-08-17 13:59:19 - src.ui.main_window - INFO - 🎨 Theme changed to: Dark
2025-08-17 13:59:30 - src.ui.main_window - INFO - Application closing...
2025-08-17 13:59:30 - src.hardware.serial_manager - WARNING - Emergency stop executed
2025-08-17 13:59:30 - src.core.controller - INFO - Pattern execution stopped
2025-08-17 13:59:30 - src.hardware.serial_manager - WARNING - Emergency stop executed
2025-08-17 13:59:30 - src.core.controller - INFO - Pattern execution stopped
2025-08-17 13:59:30 - src.core.controller - INFO - Disconnected from machine
2025-08-17 13:59:30 - src.core.controller - INFO - Controller cleanup completed
2025-08-17 14:01:31 - src.core.controller - INFO - Knitting controller initialized
2025-08-17 14:01:32 - src.ui.main_window - INFO - No COM ports found
2025-08-17 14:01:32 - src.ui.main_window - INFO - === Knitting Machine Controller Ready ===
2025-08-17 14:01:32 - src.ui.main_window - INFO - Connect to Arduino to begin
2025-08-17 14:01:32 - src.ui.main_window - INFO - Main window with console initialized
2025-08-17 14:01:32 - src.ui.main_window - INFO - Started Sentro Knitting Machine Controller v2.0.0
2025-08-17 14:01:35 - src.ui.main_window - INFO - 🎨 Theme changed to: Pink/Rose
2025-08-17 14:02:26 - src.ui.main_window - INFO - 🎨 Theme changed to: Dark
2025-08-17 14:02:28 - src.ui.main_window - INFO - 🎨 Theme changed to: Light/Grey
2025-08-17 14:02:48 - src.ui.main_window - INFO - 🎨 Theme changed to: Dark
2025-08-17 14:03:19 - src.ui.main_window - INFO - Application closing...
2025-08-17 14:03:19 - src.hardware.serial_manager - WARNING - Emergency stop executed
2025-08-17 14:03:19 - src.core.controller - INFO - Pattern execution stopped
2025-08-17 14:03:19 - src.hardware.serial_manager - WARNING - Emergency stop executed
2025-08-17 14:03:19 - src.core.controller - INFO - Pattern execution stopped
2025-08-17 14:03:19 - src.core.controller - INFO - Disconnected from machine
2025-08-17 14:03:19 - src.core.controller - INFO - Controller cleanup completed
2025-08-17 14:03:30 - src.core.controller - INFO - Knitting controller initialized
2025-08-17 14:03:30 - src.ui.main_window - INFO - No COM ports found
2025-08-17 14:03:31 - src.ui.main_window - INFO - === Knitting Machine Controller Ready ===
2025-08-17 14:03:31 - src.ui.main_window - INFO - Connect to Arduino to begin
2025-08-17 14:03:31 - src.ui.main_window - INFO - Main window with console initialized
2025-08-17 14:03:31 - src.ui.main_window - INFO - Started Sentro Knitting Machine Controller v2.0.0
2025-08-17 14:03:34 - src.ui.main_window - INFO - 🎨 Theme changed to: Light/Grey
2025-08-17 14:03:37 - src.ui.main_window - INFO - 🎨 Theme changed to: Pink/Rose
2025-08-17 14:03:39 - src.ui.main_window - INFO - 🎨 Theme changed to: Dark
2025-08-17 14:03:42 - src.ui.main_window - INFO - Application closing...
2025-08-17 14:03:42 - src.hardware.serial_manager - WARNING - Emergency stop executed
2025-08-17 14:03:42 - src.core.controller - INFO - Pattern execution stopped
2025-08-17 14:03:42 - src.hardware.serial_manager - WARNING - Emergency stop executed
2025-08-17 14:03:42 - src.core.controller - INFO - Pattern execution stopped
2025-08-17 14:03:42 - src.core.controller - INFO - Disconnected from machine
2025-08-17 14:03:42 - src.core.controller - INFO - Controller cleanup completed
2025-08-17 14:04:12 - src.core.controller - INFO - Knitting controller initialized
2025-08-17 14:04:12 - src.ui.main_window - INFO - No COM ports found
2025-08-17 14:04:13 - src.ui.main_window - INFO - === Knitting Machine Controller Ready ===
2025-08-17 14:04:13 - src.ui.main_window - INFO - Connect to Arduino to begin
2025-08-17 14:04:13 - src.ui.main_window - INFO - Main window with console initialized
2025-08-17 14:04:13 - src.ui.main_window - INFO - Started Sentro Knitting Machine Controller v2.0.0
2025-08-17 14:04:16 - src.ui.main_window - INFO - 🎨 Theme changed to: Pink/Rose
2025-08-17 14:04:44 - src.ui.main_window - INFO - 🎨 Theme changed to: Light/Grey
2025-08-17 14:04:57 - src.ui.main_window - INFO - 🎨 Theme changed to: Dark
2025-08-17 14:05:17 - src.ui.main_window - INFO - Application closing...
2025-08-17 14:05:17 - src.hardware.serial_manager - WARNING - Emergency stop executed
2025-08-17 14:05:17 - src.core.controller - INFO - Pattern execution stopped
2025-08-17 14:05:17 - src.hardware.serial_manager - WARNING - Emergency stop executed
2025-08-17 14:05:17 - src.core.controller - INFO - Pattern execution stopped
2025-08-17 14:05:17 - src.core.controller - INFO - Disconnected from machine
2025-08-17 14:05:17 - src.core.controller - INFO - Controller cleanup completed
2025-08-17 14:05:19 - src.core.controller - INFO - Knitting controller initialized
2025-08-17 14:05:19 - src.ui.main_window - INFO - No COM ports found
2025-08-17 14:05:19 - src.ui.main_window - INFO - === Knitting Machine Controller Ready ===
2025-08-17 14:05:19 - src.ui.main_window - INFO - Connect to Arduino to begin
2025-08-17 14:05:19 - src.ui.main_window - INFO - Main window with console initialized
2025-08-17 14:05:19 - src.ui.main_window - INFO - Started Sentro Knitting Machine Controller v2.0.0
2025-08-17 14:05:24 - src.ui.main_window - INFO - 🎨 Theme changed to: Pink/Rose
2025-08-17 14:05:54 - src.ui.main_window - INFO - Added step: 48 needles CW (1 rows)
2025-08-17 14:06:01 - src.ui.main_window - INFO - Pattern 'test_1' saved with 1 steps
2025-08-17 14:08:12 - src.ui.main_window - INFO - Application closing...
2025-08-17 14:08:12 - src.hardware.serial_manager - WARNING - Emergency stop executed
2025-08-17 14:08:12 - src.core.controller - INFO - Pattern execution stopped
2025-08-17 14:08:12 - src.hardware.serial_manager - WARNING - Emergency stop executed
2025-08-17 14:08:12 - src.core.controller - INFO - Pattern execution stopped
2025-08-17 14:08:12 - src.core.controller - INFO - Disconnected from machine
2025-08-17 14:08:12 - src.core.controller - INFO - Controller cleanup completed
2025-08-17 14:10:28 - src.core.controller - INFO - Knitting controller initialized
2025-08-17 14:10:28 - src.ui.main_window - INFO - No COM ports found
2025-08-17 14:10:28 - src.ui.main_window - INFO - === Knitting Machine Controller Ready ===
2025-08-17 14:10:28 - src.ui.main_window - INFO - Connect to Arduino to begin
2025-08-17 14:10:28 - src.ui.main_window - INFO - Main window with console initialized
2025-08-17 14:10:28 - src.ui.main_window - INFO - Started Sentro Knitting Machine Controller v2.0.0
2025-08-17 14:10:49 - src.ui.main_window - INFO - 🎨 Theme changed to: Dark
2025-08-17 14:10:54 - src.ui.main_window - INFO - 🎨 Theme changed to: Light/Grey
2025-08-17 14:11:32 - src.ui.main_window - INFO - ⚙️ Steps per needle set to: 110
2025-08-17 14:11:32 - src.ui.main_window - INFO - ⚙️ Steps per needle set to: 1100
2025-08-17 14:17:52 - src.core.controller - INFO - Knitting controller initialized
2025-08-17 14:17:52 - src.ui.main_window - INFO - No COM ports found
2025-08-17 14:17:52 - src.ui.main_window - INFO - === Knitting Machine Controller Ready ===
2025-08-17 14:17:52 - src.ui.main_window - INFO - Connect to Arduino to begin
2025-08-17 14:17:52 - src.ui.main_window - INFO - Main window with console initialized
2025-08-17 14:17:52 - src.ui.main_window - INFO - Started Sentro Knitting Machine Controller v2.0.0
2025-08-17 14:19:54 - src.ui.main_window - INFO - Load pattern dialog (not implemented yet)
2025-08-17 14:20:49 - src.ui.main_window - INFO - Application closing...
2025-08-17 14:20:49 - src.hardware.serial_manager - WARNING - Emergency stop executed
2025-08-17 14:20:49 - src.core.controller - INFO - Pattern execution stopped
2025-08-17 14:20:49 - src.hardware.serial_manager - WARNING - Emergency stop executed
2025-08-17 14:20:49 - src.core.controller - INFO - Pattern execution stopped
2025-08-17 14:20:49 - src.core.controller - INFO - Disconnected from machine
2025-08-17 14:20:49 - src.core.controller - INFO - Controller cleanup completed
2025-08-17 14:24:05 - src.core.controller - INFO - Knitting controller initialized
2025-08-17 14:24:05 - src.ui.main_window - INFO - No COM ports found
2025-08-17 14:24:05 - src.ui.main_window - INFO - === Knitting Machine Controller Ready ===
2025-08-17 14:24:05 - src.ui.main_window - INFO - Connect to Arduino to begin
2025-08-17 14:24:05 - src.ui.main_window - INFO - Main window with console initialized
2025-08-17 14:24:05 - src.ui.main_window - INFO - Started Sentro Knitting Machine Controller v2.0.0
2025-08-17 14:25:14 - src.ui.main_window - INFO - Added step: 48 needles CW (1 rows)
2025-08-17 14:25:42 - src.ui.main_window - INFO - Pattern 'New Pattern' saved with 1 steps
2025-08-17 14:26:22 - src.ui.main_window - INFO - Application closing...
2025-08-17 14:26:22 - src.hardware.serial_manager - WARNING - Emergency stop executed
2025-08-17 14:26:22 - src.core.controller - INFO - Pattern execution stopped
2025-08-17 14:26:22 - src.hardware.serial_manager - WARNING - Emergency stop executed
2025-08-17 14:26:22 - src.core.controller - INFO - Pattern execution stopped
2025-08-17 14:26:22 - src.core.controller - INFO - Disconnected from machine
2025-08-17 14:26:22 - src.core.controller - INFO - Controller cleanup completed
2025-08-17 14:26:38 - src.core.controller - INFO - Knitting controller initialized
2025-08-17 14:26:38 - src.ui.main_window - INFO - No COM ports found
2025-08-17 14:26:38 - src.ui.main_window - INFO - === Knitting Machine Controller Ready ===
2025-08-17 14:26:38 - src.ui.main_window - INFO - Connect to Arduino to begin
2025-08-17 14:26:38 - src.ui.main_window - INFO - Main window with console initialized
2025-08-17 14:26:38 - src.ui.main_window - INFO - Started Sentro Knitting Machine Controller v2.0.0
2025-08-17 14:26:52 - src.ui.main_window - INFO - Application closing...
2025-08-17 14:26:52 - src.hardware.serial_manager - WARNING - Emergency stop executed
2025-08-17 14:26:52 - src.core.controller - INFO - Pattern execution stopped
2025-08-17 14:26:52 - src.hardware.serial_manager - WARNING - Emergency stop executed
2025-08-17 14:26:52 - src.core.controller - INFO - Pattern execution stopped
2025-08-17 14:26:52 - src.core.controller - INFO - Disconnected from machine
2025-08-17 14:26:52 - src.core.controller - INFO - Controller cleanup completed
2025-08-17 14:30:48 - src.core.controller - INFO - Knitting controller initialized
2025-08-17 14:30:49 - src.ui.main_window - INFO - No COM ports found
2025-08-17 14:30:49 - src.ui.main_window - INFO - === Knitting Machine Controller Ready ===
2025-08-17 14:30:49 - src.ui.main_window - INFO - Connect to Arduino to begin
2025-08-17 14:30:49 - src.ui.main_window - INFO - Main window with console initialized
2025-08-17 14:30:49 - src.ui.main_window - INFO - Started Sentro Knitting Machine Controller v2.0.0
2025-08-17 14:30:58 - src.ui.main_window - INFO - Theme changed to: Pink/Rose
2025-08-17 14:31:17 - src.ui.main_window - INFO - Theme changed to: Dark
2025-08-17 14:32:08 - src.ui.main_window - INFO - Added step: 48 needles CW (1 rows)
2025-08-17 14:32:49 - src.core.controller - INFO - Knitting controller initialized
2025-08-17 14:32:49 - src.ui.main_window - INFO - No COM ports found
2025-08-17 14:32:49 - src.ui.main_window - INFO - === Knitting Machine Controller Ready ===
2025-08-17 14:32:49 - src.ui.main_window - INFO - Connect to Arduino to begin
2025-08-17 14:32:49 - src.ui.main_window - INFO - Main window with console initialized
2025-08-17 14:32:49 - src.ui.main_window - INFO - Started Sentro Knitting Machine Controller v2.0.0
2025-08-17 14:32:58 - src.ui.main_window - INFO - Theme changed to: Pink/Rose
2025-08-17 14:33:11 - src.ui.main_window - INFO - Loaded pattern: Simple Scarf with 1 steps
